TN:
SF:src/database.ts
FNF:0
FNH:0
DA:1,1
DA:3,1
DA:5,1
LF:3
LH:3
BRF:0
BRH:0
end_of_record
TN:
SF:src/repositories/recommendationRepository.ts
FN:5,create
FN:16,findAll
FN:26,getAmountByScore
FN:33,getFindAllFilter
FN:45,find
FN:51,findByName
FN:57,updateScore
FN:66,remove
FN:72,deleteAll
FNF:9
FNH:2
FNDA:0,create
FNDA:1,findAll
FNDA:0,getAmountByScore
FNDA:1,getFindAllFilter
FNDA:0,find
FNDA:0,findByName
FNDA:0,updateScore
FNDA:0,remove
FNDA:0,deleteAll
DA:2,1
DA:6,0
DA:17,1
DA:19,1
DA:27,0
DA:36,1
DA:38,0
DA:40,0
DA:46,0
DA:52,0
DA:58,0
DA:67,0
DA:73,0
DA:76,1
LF:14
LH:5
BRDA:36,0,0,1
BRF:1
BRH:1
end_of_record
TN:
SF:src/services/recommendationsService.ts
FN:7,insert
FN:17,upvote
FN:23,downvote
FN:36,getByIdOrFail
FN:43,get
FN:47,getTop
FN:51,getRandom
FN:64,getByScore
FN:77,getScoreFilter
FN:85,deleteAll
FNF:10
FNH:8
FNDA:2,insert
FNDA:2,upvote
FNDA:3,downvote
FNDA:7,getByIdOrFail
FNDA:0,get
FNDA:1,getTop
FNDA:3,getRandom
FNDA:3,getByScore
FNDA:3,getScoreFilter
FNDA:0,deleteAll
DA:2,1
DA:3,1
DA:8,2
DA:11,2
DA:12,1
DA:14,1
DA:18,2
DA:20,1
DA:24,3
DA:26,2
DA:31,2
DA:32,1
DA:37,7
DA:38,7
DA:40,4
DA:44,0
DA:48,1
DA:52,3
DA:53,3
DA:55,3
DA:56,3
DA:57,1
DA:60,2
DA:61,2
DA:65,3
DA:70,3
DA:71,2
DA:74,1
DA:78,3
DA:79,2
DA:82,1
DA:86,0
DA:89,1
LF:33
LH:31
BRDA:11,0,0,1
BRDA:31,1,0,1
BRDA:38,2,0,3
BRDA:56,3,0,1
BRDA:70,4,0,2
BRDA:78,5,0,2
BRF:6
BRH:6
end_of_record
TN:
SF:src/utils/errorUtils.ts
FN:7,isAppError
FN:11,errorTypeToStatusCode
FN:19,conflictError
FN:23,notFoundError
FN:27,unauthorizedError
FN:31,wrongSchemaError
FNF:6
FNH:2
FNDA:0,isAppError
FNDA:0,errorTypeToStatusCode
FNDA:1,conflictError
FNDA:4,notFoundError
FNDA:0,unauthorizedError
FNDA:0,wrongSchemaError
DA:7,1
DA:8,0
DA:11,1
DA:12,0
DA:13,0
DA:14,0
DA:15,0
DA:16,0
DA:19,1
DA:20,1
DA:23,1
DA:24,4
DA:27,1
DA:28,0
DA:31,1
DA:32,0
LF:16
LH:8
BRDA:12,0,0,0
BRDA:13,1,0,0
BRDA:14,2,0,0
BRDA:15,3,0,0
BRDA:20,4,0,1
BRDA:20,4,1,0
BRDA:20,5,0,1
BRDA:20,5,1,1
BRDA:24,6,0,0
BRDA:24,6,1,4
BRDA:24,7,0,4
BRDA:24,7,1,4
BRDA:28,8,0,0
BRDA:28,8,1,0
BRDA:28,9,0,0
BRDA:28,9,1,0
BRDA:32,10,0,0
BRDA:32,10,1,0
BRDA:32,11,0,0
BRDA:32,11,1,0
BRF:20
BRH:6
end_of_record
TN:
SF:tests/factories/deleteData.ts
FN:3,deleteAllData
FNF:1
FNH:1
FNDA:13,deleteAllData
DA:1,1
DA:3,1
DA:4,13
LF:3
LH:3
BRF:0
BRH:0
end_of_record
TN:
SF:tests/factories/recommendationFactory.ts
FN:5,createAtLeastTenRecomendations
FN:20,createOneVideo
FN:28,createRecomendation
FN:39,createCompleteRecommendation
FN:51,createRecomendationsWithRandomScores
FN:68,sortByGreaterScores
FN:69,(anonymous_17)
FN:79,(anonymous_18)
FN:79,(anonymous_19)
FNF:9
FNH:7
FNDA:0,createAtLeastTenRecomendations
FNDA:2,createOneVideo
FNDA:0,createRecomendation
FNDA:5,createCompleteRecommendation
FNDA:3,createRecomendationsWithRandomScores
FNDA:3,sortByGreaterScores
FNDA:143,(anonymous_17)
FNDA:1,(anonymous_18)
FNDA:1,(anonymous_19)
DA:1,1
DA:2,1
DA:6,0
DA:7,0
DA:8,0
DA:14,0
DA:17,0
DA:21,2
DA:25,2
DA:29,0
DA:36,0
DA:40,5
DA:48,5
DA:52,3
DA:53,3
DA:54,50
DA:61,50
DA:63,3
DA:65,3
DA:69,143
DA:72,1
DA:73,1
DA:74,1
DA:75,1
DA:76,1
DA:79,1
DA:80,1
LF:27
LH:20
BRDA:69,0,0,74
BRDA:69,0,1,69
BRF:2
BRH:2
end_of_record
